Wed May 17 21:29:30 Saved as file E:\MEUS DOCUMENTOS\PROJETOS\SOLDADOR\SOLDADOR.MAX
Wed May 17 21:29:30 Saved as file BACKUP1.MAX
Wed May 17 21:29:30 Saved as file E:\MEUS DOCUMENTOS\PROJETOS\SOLDADOR\SOLDADOR.MAX
Wed May 17 21:29:30 UserDiv from Layout.INI for AutoECO: 60
Wed May 17 21:29:31 Loaded file E:\MEUS DOCUMENTOS\PROJETOS\SOLDADOR\SOLDADOR.MAX
Wed May 17 21:29:31 Loaded file E:\MEUS DOCUMENTOS\PROJETOS\TEMPLATE\BIBLIOTECA.LLB
Wed May 17 21:29:31 Loaded file E:\MEUS DOCUMENTOS\TEMPLATE\BIBLIOTECA.LLB
Wed May 17 21:29:31 Loaded file D:\Program Files\OrCAD\Layout_Plus\library\BCON100T.llb
Wed May 17 21:29:31 Loaded file D:\Program Files\OrCAD\Layout_Plus\library\BCON156T.llb
Wed May 17 21:29:31 Loaded file D:\Program Files\OrCAD\Layout_Plus\library\BGA.llb
Wed May 17 21:29:31 Loaded file D:\Program Files\OrCAD\Layout_Plus\library\CLCC.llb
Wed May 17 21:29:31 Loaded file D:\Program Files\OrCAD\Layout_Plus\library\DCON050T.llb
Wed May 17 21:29:31 Loaded file D:\Program Files\OrCAD\Layout_Plus\library\DCON085T.llb
Wed May 17 21:29:31 Loaded file D:\Program Files\OrCAD\Layout_Plus\library\DIMM050F.llb
Wed May 17 21:29:31 Loaded file D:\Program Files\OrCAD\Layout_Plus\library\DIMM050T.llb
Wed May 17 21:29:31 Loaded file D:\Program Files\OrCAD\Layout_Plus\library\DIN.llb
Wed May 17 21:29:31 Loaded file D:\Program Files\OrCAD\Layout_Plus\library\DIP100B.llb
Wed May 17 21:29:31 Loaded file D:\Program Files\OrCAD\Layout_Plus\library\DIP100T.llb
Wed May 17 21:29:31 Loaded file D:\Program Files\OrCAD\Layout_Plus\library\DSUBT.llb
Wed May 17 21:29:31 Loaded file D:\Program Files\OrCAD\Layout_Plus\library\DSUBT_HD.LLB
Wed May 17 21:29:31 Loaded file D:\Program Files\OrCAD\Layout_Plus\library\ECON100T.llb
Wed May 17 21:29:31 Loaded file D:\Program Files\OrCAD\Layout_Plus\library\FBUS.llb
Wed May 17 21:29:31 Loaded file D:\Program Files\OrCAD\Layout_Plus\library\ISA.llb
Wed May 17 21:29:31 Loaded file D:\Program Files\OrCAD\Layout_Plus\library\JUMPER.LLB
Wed May 17 21:29:31 Loaded file D:\Program Files\OrCAD\Layout_Plus\library\LAYOUT.llb
Wed May 17 21:29:31 Loaded file D:\Program Files\OrCAD\Layout_Plus\library\LCON100T.llb
Wed May 17 21:29:31 Loaded file D:\Program Files\OrCAD\Layout_Plus\library\PC104.llb
Wed May 17 21:29:31 Loaded file D:\Program Files\OrCAD\Layout_Plus\library\PCI.llb
Wed May 17 21:29:31 Loaded file D:\Program Files\OrCAD\Layout_Plus\library\PCON100T.llb
Wed May 17 21:29:31 Loaded file D:\Program Files\OrCAD\Layout_Plus\library\PCON156T.llb
Wed May 17 21:29:31 Loaded file D:\Program Files\OrCAD\Layout_Plus\library\PGA.llb
Wed May 17 21:29:31 Loaded file D:\Program Files\OrCAD\Layout_Plus\library\PLCC.llb
Wed May 17 21:29:31 Loaded file D:\Program Files\OrCAD\Layout_Plus\library\QUAD.llb
Wed May 17 21:29:31 Loaded file D:\Program Files\OrCAD\Layout_Plus\library\QUADB.llb
Wed May 17 21:29:31 Loaded file D:\Program Files\OrCAD\Layout_Plus\library\RELAY.llb
Wed May 17 21:29:31 Loaded file D:\Program Files\OrCAD\Layout_Plus\library\RF.llb
Wed May 17 21:29:32 Loaded file D:\Program Files\OrCAD\Layout_Plus\library\SBUS.llb
Wed May 17 21:29:32 Loaded file D:\Program Files\OrCAD\Layout_Plus\library\SIMM050F.llb
Wed May 17 21:29:32 Loaded file D:\Program Files\OrCAD\Layout_Plus\library\SIMM050T.llb
Wed May 17 21:29:32 Loaded file D:\Program Files\OrCAD\Layout_Plus\library\SIMM100F.llb
Wed May 17 21:29:32 Loaded file D:\Program Files\OrCAD\Layout_Plus\library\SIMM100T.llb
Wed May 17 21:29:32 Loaded file D:\Program Files\OrCAD\Layout_Plus\library\SIP.llb
Wed May 17 21:29:32 Loaded file D:\Program Files\OrCAD\Layout_Plus\library\SM.llb
Wed May 17 21:29:32 Loaded file D:\Program Files\OrCAD\Layout_Plus\library\SOG.llb
Wed May 17 21:29:32 Loaded file D:\Program Files\OrCAD\Layout_Plus\library\SOJ.llb
Wed May 17 21:29:32 Loaded file D:\Program Files\OrCAD\Layout_Plus\library\STIFF.llb
Wed May 17 21:29:32 Loaded file D:\Program Files\OrCAD\Layout_Plus\library\TELE.llb
Wed May 17 21:29:32 Loaded file D:\Program Files\OrCAD\Layout_Plus\library\TM_AXIAL.llb
Wed May 17 21:29:32 Loaded file D:\Program Files\OrCAD\Layout_Plus\library\TM_CAP_P.llb
Wed May 17 21:29:32 Loaded file D:\Program Files\OrCAD\Layout_Plus\library\TM_CYLND.llb
Wed May 17 21:29:32 Loaded file D:\Program Files\OrCAD\Layout_Plus\library\TM_DIODE.llb
Wed May 17 21:29:32 Loaded file D:\Program Files\OrCAD\Layout_Plus\library\TM_DISC.llb
Wed May 17 21:29:32 Loaded file D:\Program Files\OrCAD\Layout_Plus\library\TM_RAD.llb
Wed May 17 21:29:32 Loaded file D:\Program Files\OrCAD\Layout_Plus\library\TO.llb
Wed May 17 21:29:32 Loaded file D:\Program Files\OrCAD\Layout_Plus\library\TRAINING.LLB
Wed May 17 21:29:32 Loaded file D:\Program Files\OrCAD\Layout_Plus\library\VRES.llb
Wed May 17 21:29:32 Loaded file D:\Program Files\OrCAD\Layout_Plus\library\WCON100T.llb
Wed May 17 21:29:32 Loaded file D:\Program Files\OrCAD\Layout_Plus\library\XT.llb
Wed May 17 21:29:32 Loaded file D:\Program Files\OrCAD\Layout_Plus\library\ZIGZAG.llb
Wed May 17 21:29:33 Loaded file E:\MEUS DOCUMENTOS\PROJETOS\SOLDADOR\SOLDADOR.MAX
Wed May 17 21:29:33 Saved as file E:\MEUS DOCUMENTOS\PROJETOS\SOLDADOR\SOLDADOR.MAX
Wed May 17 21:29:33 Loaded file E:\MEUS DOCUMENTOS\PROJETOS\SOLDADOR\SOLDADOR.MAX
Wed May 17 21:30:06 Saved as file E:\MEUS DOCUMENTOS\PROJETOS\SOLDADOR\SOLDADOR.MAX
Wed May 17 21:30:06 Saved as file BACKUP1.MAX
Wed May 17 21:30:06 Saved as file E:\MEUS DOCUMENTOS\PROJETOS\SOLDADOR\SOLDADOR.MAX
Wed May 17 21:30:06 UserDiv from Layout.INI for AutoECO: 60
Wed May 17 21:30:06 Loaded file E:\MEUS DOCUMENTOS\PROJETOS\SOLDADOR\SOLDADOR.MAX
Wed May 17 21:30:06 Loaded file E:\MEUS DOCUMENTOS\PROJETOS\TEMPLATE\BIBLIOTECA.LLB
Wed May 17 21:30:06 Loaded file E:\MEUS DOCUMENTOS\TEMPLATE\BIBLIOTECA.LLB
Wed May 17 21:30:06 Loaded file D:\Program Files\OrCAD\Layout_Plus\library\BCON100T.llb
Wed May 17 21:30:06 Loaded file D:\Program Files\OrCAD\Layout_Plus\library\BCON156T.llb
Wed May 17 21:30:06 Loaded file D:\Program Files\OrCAD\Layout_Plus\library\BGA.llb
Wed May 17 21:30:06 Loaded file D:\Program Files\OrCAD\Layout_Plus\library\CLCC.llb
Wed May 17 21:30:06 Loaded file D:\Program Files\OrCAD\Layout_Plus\library\DCON050T.llb
Wed May 17 21:30:06 Loaded file D:\Program Files\OrCAD\Layout_Plus\library\DCON085T.llb
Wed May 17 21:30:06 Loaded file D:\Program Files\OrCAD\Layout_Plus\library\DIMM050F.llb
Wed May 17 21:30:06 Loaded file D:\Program Files\OrCAD\Layout_Plus\library\DIMM050T.llb
Wed May 17 21:30:06 Loaded file D:\Program Files\OrCAD\Layout_Plus\library\DIN.llb
Wed May 17 21:30:06 Loaded file D:\Program Files\OrCAD\Layout_Plus\library\DIP100B.llb
Wed May 17 21:30:06 Loaded file D:\Program Files\OrCAD\Layout_Plus\library\DIP100T.llb
Wed May 17 21:30:06 Loaded file D:\Program Files\OrCAD\Layout_Plus\library\DSUBT.llb
Wed May 17 21:30:06 Loaded file D:\Program Files\OrCAD\Layout_Plus\library\DSUBT_HD.LLB
Wed May 17 21:30:06 Loaded file D:\Program Files\OrCAD\Layout_Plus\library\ECON100T.llb
Wed May 17 21:30:06 Loaded file D:\Program Files\OrCAD\Layout_Plus\library\FBUS.llb
Wed May 17 21:30:06 Loaded file D:\Program Files\OrCAD\Layout_Plus\library\ISA.llb
Wed May 17 21:30:06 Loaded file D:\Program Files\OrCAD\Layout_Plus\library\JUMPER.LLB
Wed May 17 21:30:06 Loaded file D:\Program Files\OrCAD\Layout_Plus\library\LAYOUT.llb
Wed May 17 21:30:06 Loaded file D:\Program Files\OrCAD\Layout_Plus\library\LCON100T.llb
Wed May 17 21:30:06 Loaded file D:\Program Files\OrCAD\Layout_Plus\library\PC104.llb
Wed May 17 21:30:06 Loaded file D:\Program Files\OrCAD\Layout_Plus\library\PCI.llb
Wed May 17 21:30:06 Loaded file D:\Program Files\OrCAD\Layout_Plus\library\PCON100T.llb
Wed May 17 21:30:06 Loaded file D:\Program Files\OrCAD\Layout_Plus\library\PCON156T.llb
Wed May 17 21:30:06 Loaded file D:\Program Files\OrCAD\Layout_Plus\library\PGA.llb
Wed May 17 21:30:06 Loaded file D:\Program Files\OrCAD\Layout_Plus\library\PLCC.llb
Wed May 17 21:30:06 Loaded file D:\Program Files\OrCAD\Layout_Plus\library\QUAD.llb
Wed May 17 21:30:07 Loaded file D:\Program Files\OrCAD\Layout_Plus\library\QUADB.llb
Wed May 17 21:30:07 Loaded file D:\Program Files\OrCAD\Layout_Plus\library\RELAY.llb
Wed May 17 21:30:07 Loaded file D:\Program Files\OrCAD\Layout_Plus\library\RF.llb
Wed May 17 21:30:07 Loaded file D:\Program Files\OrCAD\Layout_Plus\library\SBUS.llb
Wed May 17 21:30:07 Loaded file D:\Program Files\OrCAD\Layout_Plus\library\SIMM050F.llb
Wed May 17 21:30:07 Loaded file D:\Program Files\OrCAD\Layout_Plus\library\SIMM050T.llb
Wed May 17 21:30:07 Loaded file D:\Program Files\OrCAD\Layout_Plus\library\SIMM100F.llb
Wed May 17 21:30:07 Loaded file D:\Program Files\OrCAD\Layout_Plus\library\SIMM100T.llb
Wed May 17 21:30:07 Loaded file D:\Program Files\OrCAD\Layout_Plus\library\SIP.llb
Wed May 17 21:30:07 Loaded file D:\Program Files\OrCAD\Layout_Plus\library\SM.llb
Wed May 17 21:30:07 Loaded file D:\Program Files\OrCAD\Layout_Plus\library\SOG.llb
Wed May 17 21:30:07 Loaded file D:\Program Files\OrCAD\Layout_Plus\library\SOJ.llb
Wed May 17 21:30:07 Loaded file D:\Program Files\OrCAD\Layout_Plus\library\STIFF.llb
Wed May 17 21:30:07 Loaded file D:\Program Files\OrCAD\Layout_Plus\library\TELE.llb
Wed May 17 21:30:07 Loaded file D:\Program Files\OrCAD\Layout_Plus\library\TM_AXIAL.llb
Wed May 17 21:30:07 Loaded file D:\Program Files\OrCAD\Layout_Plus\library\TM_CAP_P.llb
Wed May 17 21:30:07 Loaded file D:\Program Files\OrCAD\Layout_Plus\library\TM_CYLND.llb
Wed May 17 21:30:07 Loaded file D:\Program Files\OrCAD\Layout_Plus\library\TM_DIODE.llb
Wed May 17 21:30:07 Loaded file D:\Program Files\OrCAD\Layout_Plus\library\TM_DISC.llb
Wed May 17 21:30:07 Loaded file D:\Program Files\OrCAD\Layout_Plus\library\TM_RAD.llb
Wed May 17 21:30:07 Loaded file D:\Program Files\OrCAD\Layout_Plus\library\TO.llb
Wed May 17 21:30:07 Loaded file D:\Program Files\OrCAD\Layout_Plus\library\TRAINING.LLB
Wed May 17 21:30:07 Loaded file D:\Program Files\OrCAD\Layout_Plus\library\VRES.llb
Wed May 17 21:30:07 Loaded file D:\Program Files\OrCAD\Layout_Plus\library\WCON100T.llb
Wed May 17 21:30:07 Loaded file D:\Program Files\OrCAD\Layout_Plus\library\XT.llb
Wed May 17 21:30:07 Loaded file D:\Program Files\OrCAD\Layout_Plus\library\ZIGZAG.llb
Wed May 17 21:30:07 Loaded file E:\MEUS DOCUMENTOS\PROJETOS\SOLDADOR\SOLDADOR.MAX
Wed May 17 21:30:07 Saved as file E:\MEUS DOCUMENTOS\PROJETOS\SOLDADOR\SOLDADOR.MAX
Wed May 17 21:30:07 Loaded file E:\MEUS DOCUMENTOS\PROJETOS\SOLDADOR\SOLDADOR.MAX
Wed May 17 21:31:09 Saved as file E:\MEUS DOCUMENTOS\PROJETOS\SOLDADOR\SOLDADOR.MAX
Wed May 17 21:31:09 Saved as file BACKUP1.MAX
Wed May 17 21:31:09 Saved as file E:\MEUS DOCUMENTOS\PROJETOS\SOLDADOR\SOLDADOR.MAX
Wed May 17 21:31:10 UserDiv from Layout.INI for AutoECO: 60
Wed May 17 21:31:10 Loaded file E:\MEUS DOCUMENTOS\PROJETOS\SOLDADOR\SOLDADOR.MAX
Wed May 17 21:31:10 Loaded file E:\MEUS DOCUMENTOS\PROJETOS\TEMPLATE\BIBLIOTECA.LLB
Wed May 17 21:31:10 Loaded file E:\MEUS DOCUMENTOS\TEMPLATE\BIBLIOTECA.LLB
Wed May 17 21:31:10 Loaded file D:\Program Files\OrCAD\Layout_Plus\library\BCON100T.llb
Wed May 17 21:31:10 Loaded file D:\Program Files\OrCAD\Layout_Plus\library\BCON156T.llb
Wed May 17 21:31:10 Loaded file D:\Program Files\OrCAD\Layout_Plus\library\BGA.llb
Wed May 17 21:31:10 Loaded file D:\Program Files\OrCAD\Layout_Plus\library\CLCC.llb
Wed May 17 21:31:10 Loaded file D:\Program Files\OrCAD\Layout_Plus\library\DCON050T.llb
Wed May 17 21:31:10 Loaded file D:\Program Files\OrCAD\Layout_Plus\library\DCON085T.llb
Wed May 17 21:31:10 Loaded file D:\Program Files\OrCAD\Layout_Plus\library\DIMM050F.llb
Wed May 17 21:31:10 Loaded file D:\Program Files\OrCAD\Layout_Plus\library\DIMM050T.llb
Wed May 17 21:31:10 Loaded file D:\Program Files\OrCAD\Layout_Plus\library\DIN.llb
Wed May 17 21:31:10 Loaded file D:\Program Files\OrCAD\Layout_Plus\library\DIP100B.llb
Wed May 17 21:31:10 Loaded file D:\Program Files\OrCAD\Layout_Plus\library\DIP100T.llb
Wed May 17 21:31:10 Loaded file D:\Program Files\OrCAD\Layout_Plus\library\DSUBT.llb
Wed May 17 21:31:10 Loaded file D:\Program Files\OrCAD\Layout_Plus\library\DSUBT_HD.LLB
Wed May 17 21:31:10 Loaded file D:\Program Files\OrCAD\Layout_Plus\library\ECON100T.llb
Wed May 17 21:31:10 Loaded file D:\Program Files\OrCAD\Layout_Plus\library\FBUS.llb
Wed May 17 21:31:10 Loaded file D:\Program Files\OrCAD\Layout_Plus\library\ISA.llb
Wed May 17 21:31:10 Loaded file D:\Program Files\OrCAD\Layout_Plus\library\JUMPER.LLB
Wed May 17 21:31:10 Loaded file D:\Program Files\OrCAD\Layout_Plus\library\LAYOUT.llb
Wed May 17 21:31:10 Loaded file D:\Program Files\OrCAD\Layout_Plus\library\LCON100T.llb
Wed May 17 21:31:10 Loaded file D:\Program Files\OrCAD\Layout_Plus\library\PC104.llb
Wed May 17 21:31:10 Loaded file D:\Program Files\OrCAD\Layout_Plus\library\PCI.llb
Wed May 17 21:31:10 Loaded file D:\Program Files\OrCAD\Layout_Plus\library\PCON100T.llb
Wed May 17 21:31:10 Loaded file D:\Program Files\OrCAD\Layout_Plus\library\PCON156T.llb
Wed May 17 21:31:10 Loaded file D:\Program Files\OrCAD\Layout_Plus\library\PGA.llb
Wed May 17 21:31:10 Loaded file D:\Program Files\OrCAD\Layout_Plus\library\PLCC.llb
Wed May 17 21:31:10 Loaded file D:\Program Files\OrCAD\Layout_Plus\library\QUAD.llb
Wed May 17 21:31:10 Loaded file D:\Program Files\OrCAD\Layout_Plus\library\QUADB.llb
Wed May 17 21:31:10 Loaded file D:\Program Files\OrCAD\Layout_Plus\library\RELAY.llb
Wed May 17 21:31:10 Loaded file D:\Program Files\OrCAD\Layout_Plus\library\RF.llb
Wed May 17 21:31:10 Loaded file D:\Program Files\OrCAD\Layout_Plus\library\SBUS.llb
Wed May 17 21:31:10 Loaded file D:\Program Files\OrCAD\Layout_Plus\library\SIMM050F.llb
Wed May 17 21:31:10 Loaded file D:\Program Files\OrCAD\Layout_Plus\library\SIMM050T.llb
Wed May 17 21:31:10 Loaded file D:\Program Files\OrCAD\Layout_Plus\library\SIMM100F.llb
Wed May 17 21:31:10 Loaded file D:\Program Files\OrCAD\Layout_Plus\library\SIMM100T.llb
Wed May 17 21:31:10 Loaded file D:\Program Files\OrCAD\Layout_Plus\library\SIP.llb
Wed May 17 21:31:10 Loaded file D:\Program Files\OrCAD\Layout_Plus\library\SM.llb
Wed May 17 21:31:10 Loaded file D:\Program Files\OrCAD\Layout_Plus\library\SOG.llb
Wed May 17 21:31:10 Loaded file D:\Program Files\OrCAD\Layout_Plus\library\SOJ.llb
Wed May 17 21:31:10 Loaded file D:\Program Files\OrCAD\Layout_Plus\library\STIFF.llb
Wed May 17 21:31:10 Loaded file D:\Program Files\OrCAD\Layout_Plus\library\TELE.llb
Wed May 17 21:31:10 Loaded file D:\Program Files\OrCAD\Layout_Plus\library\TM_AXIAL.llb
Wed May 17 21:31:10 Loaded file D:\Program Files\OrCAD\Layout_Plus\library\TM_CAP_P.llb
Wed May 17 21:31:10 Loaded file D:\Program Files\OrCAD\Layout_Plus\library\TM_CYLND.llb
Wed May 17 21:31:10 Loaded file D:\Program Files\OrCAD\Layout_Plus\library\TM_DIODE.llb
Wed May 17 21:31:10 Loaded file D:\Program Files\OrCAD\Layout_Plus\library\TM_DISC.llb
Wed May 17 21:31:10 Loaded file D:\Program Files\OrCAD\Layout_Plus\library\TM_RAD.llb
Wed May 17 21:31:10 Loaded file D:\Program Files\OrCAD\Layout_Plus\library\TO.llb
Wed May 17 21:31:10 Loaded file D:\Program Files\OrCAD\Layout_Plus\library\TRAINING.LLB
Wed May 17 21:31:10 Loaded file D:\Program Files\OrCAD\Layout_Plus\library\VRES.llb
Wed May 17 21:31:10 Loaded file D:\Program Files\OrCAD\Layout_Plus\library\WCON100T.llb
Wed May 17 21:31:10 Loaded file D:\Program Files\OrCAD\Layout_Plus\library\XT.llb
Wed May 17 21:31:10 Loaded file D:\Program Files\OrCAD\Layout_Plus\library\ZIGZAG.llb
Wed May 17 21:31:11 Loaded file E:\MEUS DOCUMENTOS\PROJETOS\SOLDADOR\SOLDADOR.MAX
Wed May 17 21:31:11 Saved as file E:\MEUS DOCUMENTOS\PROJETOS\SOLDADOR\SOLDADOR.MAX
Wed May 17 21:31:11 Loaded file E:\MEUS DOCUMENTOS\PROJETOS\SOLDADOR\SOLDADOR.MAX
Wed May 17 21:47:00 Saved as file E:\MEUS DOCUMENTOS\PROJETOS\SOLDADOR\SOLDADOR.MAX
Wed May 17 21:47:00 Saved as file BACKUP1.MAX
Wed May 17 21:47:00 Saved as file E:\MEUS DOCUMENTOS\PROJETOS\SOLDADOR\SOLDADOR.MAX
Wed May 17 21:47:00 UserDiv from Layout.INI for AutoECO: 60
Wed May 17 21:47:00 Loaded file E:\MEUS DOCUMENTOS\PROJETOS\SOLDADOR\SOLDADOR.MAX
Wed May 17 21:47:00 Loaded file E:\MEUS DOCUMENTOS\PROJETOS\TEMPLATE\BIBLIOTECA.LLB
Wed May 17 21:47:00 Loaded file E:\MEUS DOCUMENTOS\TEMPLATE\BIBLIOTECA.LLB
Wed May 17 21:47:00 Loaded file D:\Program Files\OrCAD\Layout_Plus\library\BCON100T.llb
Wed May 17 21:47:00 Loaded file D:\Program Files\OrCAD\Layout_Plus\library\BCON156T.llb
Wed May 17 21:47:00 Loaded file D:\Program Files\OrCAD\Layout_Plus\library\BGA.llb
Wed May 17 21:47:01 Loaded file D:\Program Files\OrCAD\Layout_Plus\library\CLCC.llb
Wed May 17 21:47:01 Loaded file D:\Program Files\OrCAD\Layout_Plus\library\DCON050T.llb
Wed May 17 21:47:01 Loaded file D:\Program Files\OrCAD\Layout_Plus\library\DCON085T.llb
Wed May 17 21:47:01 Loaded file D:\Program Files\OrCAD\Layout_Plus\library\DIMM050F.llb
Wed May 17 21:47:01 Loaded file D:\Program Files\OrCAD\Layout_Plus\library\DIMM050T.llb
Wed May 17 21:47:01 Loaded file D:\Program Files\OrCAD\Layout_Plus\library\DIN.llb
Wed May 17 21:47:01 Loaded file D:\Program Files\OrCAD\Layout_Plus\library\DIP100B.llb
Wed May 17 21:47:01 Loaded file D:\Program Files\OrCAD\Layout_Plus\library\DIP100T.llb
Wed May 17 21:47:01 Loaded file D:\Program Files\OrCAD\Layout_Plus\library\DSUBT.llb
Wed May 17 21:47:01 Loaded file D:\Program Files\OrCAD\Layout_Plus\library\DSUBT_HD.LLB
Wed May 17 21:47:01 Loaded file D:\Program Files\OrCAD\Layout_Plus\library\ECON100T.llb
Wed May 17 21:47:01 Loaded file D:\Program Files\OrCAD\Layout_Plus\library\FBUS.llb
Wed May 17 21:47:01 Loaded file D:\Program Files\OrCAD\Layout_Plus\library\ISA.llb
Wed May 17 21:47:01 Loaded file D:\Program Files\OrCAD\Layout_Plus\library\JUMPER.LLB
Wed May 17 21:47:01 Loaded file D:\Program Files\OrCAD\Layout_Plus\library\LAYOUT.llb
Wed May 17 21:47:01 Loaded file D:\Program Files\OrCAD\Layout_Plus\library\LCON100T.llb
Wed May 17 21:47:01 Loaded file D:\Program Files\OrCAD\Layout_Plus\library\PC104.llb
Wed May 17 21:47:01 Loaded file D:\Program Files\OrCAD\Layout_Plus\library\PCI.llb
Wed May 17 21:47:01 Loaded file D:\Program Files\OrCAD\Layout_Plus\library\PCON100T.llb
Wed May 17 21:47:01 Loaded file D:\Program Files\OrCAD\Layout_Plus\library\PCON156T.llb
Wed May 17 21:47:01 Loaded file D:\Program Files\OrCAD\Layout_Plus\library\PGA.llb
Wed May 17 21:47:01 Loaded file D:\Program Files\OrCAD\Layout_Plus\library\PLCC.llb
Wed May 17 21:47:01 Loaded file D:\Program Files\OrCAD\Layout_Plus\library\QUAD.llb
Wed May 17 21:47:01 Loaded file D:\Program Files\OrCAD\Layout_Plus\library\QUADB.llb
Wed May 17 21:47:01 Loaded file D:\Program Files\OrCAD\Layout_Plus\library\RELAY.llb
Wed May 17 21:47:01 Loaded file D:\Program Files\OrCAD\Layout_Plus\library\RF.llb
Wed May 17 21:47:01 Loaded file D:\Program Files\OrCAD\Layout_Plus\library\SBUS.llb
Wed May 17 21:47:01 Loaded file D:\Program Files\OrCAD\Layout_Plus\library\SIMM050F.llb
Wed May 17 21:47:01 Loaded file D:\Program Files\OrCAD\Layout_Plus\library\SIMM050T.llb
Wed May 17 21:47:01 Loaded file D:\Program Files\OrCAD\Layout_Plus\library\SIMM100F.llb
Wed May 17 21:47:01 Loaded file D:\Program Files\OrCAD\Layout_Plus\library\SIMM100T.llb
Wed May 17 21:47:01 Loaded file D:\Program Files\OrCAD\Layout_Plus\library\SIP.llb
Wed May 17 21:47:01 Loaded file D:\Program Files\OrCAD\Layout_Plus\library\SM.llb
Wed May 17 21:47:01 Loaded file D:\Program Files\OrCAD\Layout_Plus\library\SOG.llb
Wed May 17 21:47:01 Loaded file D:\Program Files\OrCAD\Layout_Plus\library\SOJ.llb
Wed May 17 21:47:01 Loaded file D:\Program Files\OrCAD\Layout_Plus\library\STIFF.llb
Wed May 17 21:47:01 Loaded file D:\Program Files\OrCAD\Layout_Plus\library\TELE.llb
Wed May 17 21:47:01 Loaded file D:\Program Files\OrCAD\Layout_Plus\library\TM_AXIAL.llb
Wed May 17 21:47:01 Loaded file D:\Program Files\OrCAD\Layout_Plus\library\TM_CAP_P.llb
Wed May 17 21:47:01 Loaded file D:\Program Files\OrCAD\Layout_Plus\library\TM_CYLND.llb
Wed May 17 21:47:01 Loaded file D:\Program Files\OrCAD\Layout_Plus\library\TM_DIODE.llb
Wed May 17 21:47:01 Loaded file D:\Program Files\OrCAD\Layout_Plus\library\TM_DISC.llb
Wed May 17 21:47:01 Loaded file D:\Program Files\OrCAD\Layout_Plus\library\TM_RAD.llb
Wed May 17 21:47:01 Loaded file D:\Program Files\OrCAD\Layout_Plus\library\TO.llb
Wed May 17 21:47:01 Loaded file D:\Program Files\OrCAD\Layout_Plus\library\TRAINING.LLB
Wed May 17 21:47:01 Loaded file D:\Program Files\OrCAD\Layout_Plus\library\VRES.llb
Wed May 17 21:47:01 Loaded file D:\Program Files\OrCAD\Layout_Plus\library\WCON100T.llb
Wed May 17 21:47:01 Loaded file D:\Program Files\OrCAD\Layout_Plus\library\XT.llb
Wed May 17 21:47:01 Loaded file D:\Program Files\OrCAD\Layout_Plus\library\ZIGZAG.llb
Wed May 17 21:47:02 Loaded file E:\MEUS DOCUMENTOS\PROJETOS\SOLDADOR\SOLDADOR.MAX
Wed May 17 21:47:02 Saved as file E:\MEUS DOCUMENTOS\PROJETOS\SOLDADOR\SOLDADOR.MAX
Wed May 17 21:47:02 Loaded file E:\MEUS DOCUMENTOS\PROJETOS\SOLDADOR\SOLDADOR.MAX
Wed May 17 21:48:11 Saved as file E:\MEUS DOCUMENTOS\PROJETOS\SOLDADOR\SOLDADOR.MAX
Wed May 17 21:48:11 Saved as file BACKUP1.MAX
Wed May 17 21:48:11 Saved as file E:\MEUS DOCUMENTOS\PROJETOS\SOLDADOR\SOLDADOR.MAX
Wed May 17 21:48:12 UserDiv from Layout.INI for AutoECO: 60
Wed May 17 21:48:12 Loaded file E:\MEUS DOCUMENTOS\PROJETOS\SOLDADOR\SOLDADOR.MAX
Wed May 17 21:48:12 Loaded file E:\MEUS DOCUMENTOS\PROJETOS\TEMPLATE\BIBLIOTECA.LLB
Wed May 17 21:48:12 Loaded file E:\MEUS DOCUMENTOS\TEMPLATE\BIBLIOTECA.LLB
Wed May 17 21:48:12 Loaded file D:\Program Files\OrCAD\Layout_Plus\library\BCON100T.llb
Wed May 17 21:48:12 Loaded file D:\Program Files\OrCAD\Layout_Plus\library\BCON156T.llb
Wed May 17 21:48:12 Loaded file D:\Program Files\OrCAD\Layout_Plus\library\BGA.llb
Wed May 17 21:48:12 Loaded file D:\Program Files\OrCAD\Layout_Plus\library\CLCC.llb
Wed May 17 21:48:12 Loaded file D:\Program Files\OrCAD\Layout_Plus\library\DCON050T.llb
Wed May 17 21:48:12 Loaded file D:\Program Files\OrCAD\Layout_Plus\library\DCON085T.llb
Wed May 17 21:48:12 Loaded file D:\Program Files\OrCAD\Layout_Plus\library\DIMM050F.llb
Wed May 17 21:48:12 Loaded file D:\Program Files\OrCAD\Layout_Plus\library\DIMM050T.llb
Wed May 17 21:48:12 Loaded file D:\Program Files\OrCAD\Layout_Plus\library\DIN.llb
Wed May 17 21:48:12 Loaded file D:\Program Files\OrCAD\Layout_Plus\library\DIP100B.llb
Wed May 17 21:48:12 Loaded file D:\Program Files\OrCAD\Layout_Plus\library\DIP100T.llb
Wed May 17 21:48:12 Loaded file D:\Program Files\OrCAD\Layout_Plus\library\DSUBT.llb
Wed May 17 21:48:12 Loaded file D:\Program Files\OrCAD\Layout_Plus\library\DSUBT_HD.LLB
Wed May 17 21:48:12 Loaded file D:\Program Files\OrCAD\Layout_Plus\library\ECON100T.llb
Wed May 17 21:48:12 Loaded file D:\Program Files\OrCAD\Layout_Plus\library\FBUS.llb
Wed May 17 21:48:12 Loaded file D:\Program Files\OrCAD\Layout_Plus\library\ISA.llb
Wed May 17 21:48:12 Loaded file D:\Program Files\OrCAD\Layout_Plus\library\JUMPER.LLB
Wed May 17 21:48:12 Loaded file D:\Program Files\OrCAD\Layout_Plus\library\LAYOUT.llb
Wed May 17 21:48:12 Loaded file D:\Program Files\OrCAD\Layout_Plus\library\LCON100T.llb
Wed May 17 21:48:12 Loaded file D:\Program Files\OrCAD\Layout_Plus\library\PC104.llb
Wed May 17 21:48:12 Loaded file D:\Program Files\OrCAD\Layout_Plus\library\PCI.llb
Wed May 17 21:48:12 Loaded file D:\Program Files\OrCAD\Layout_Plus\library\PCON100T.llb
Wed May 17 21:48:12 Loaded file D:\Program Files\OrCAD\Layout_Plus\library\PCON156T.llb
Wed May 17 21:48:12 Loaded file D:\Program Files\OrCAD\Layout_Plus\library\PGA.llb
Wed May 17 21:48:12 Loaded file D:\Program Files\OrCAD\Layout_Plus\library\PLCC.llb
Wed May 17 21:48:12 Loaded file D:\Program Files\OrCAD\Layout_Plus\library\QUAD.llb
Wed May 17 21:48:12 Loaded file D:\Program Files\OrCAD\Layout_Plus\library\QUADB.llb
Wed May 17 21:48:12 Loaded file D:\Program Files\OrCAD\Layout_Plus\library\RELAY.llb
Wed May 17 21:48:12 Loaded file D:\Program Files\OrCAD\Layout_Plus\library\RF.llb
Wed May 17 21:48:12 Loaded file D:\Program Files\OrCAD\Layout_Plus\library\SBUS.llb
Wed May 17 21:48:12 Loaded file D:\Program Files\OrCAD\Layout_Plus\library\SIMM050F.llb
Wed May 17 21:48:12 Loaded file D:\Program Files\OrCAD\Layout_Plus\library\SIMM050T.llb
Wed May 17 21:48:12 Loaded file D:\Program Files\OrCAD\Layout_Plus\library\SIMM100F.llb
Wed May 17 21:48:12 Loaded file D:\Program Files\OrCAD\Layout_Plus\library\SIMM100T.llb
Wed May 17 21:48:12 Loaded file D:\Program Files\OrCAD\Layout_Plus\library\SIP.llb
Wed May 17 21:48:12 Loaded file D:\Program Files\OrCAD\Layout_Plus\library\SM.llb
Wed May 17 21:48:12 Loaded file D:\Program Files\OrCAD\Layout_Plus\library\SOG.llb
Wed May 17 21:48:12 Loaded file D:\Program Files\OrCAD\Layout_Plus\library\SOJ.llb
Wed May 17 21:48:12 Loaded file D:\Program Files\OrCAD\Layout_Plus\library\STIFF.llb
Wed May 17 21:48:12 Loaded file D:\Program Files\OrCAD\Layout_Plus\library\TELE.llb
Wed May 17 21:48:12 Loaded file D:\Program Files\OrCAD\Layout_Plus\library\TM_AXIAL.llb
Wed May 17 21:48:12 Loaded file D:\Program Files\OrCAD\Layout_Plus\library\TM_CAP_P.llb
Wed May 17 21:48:12 Loaded file D:\Program Files\OrCAD\Layout_Plus\library\TM_CYLND.llb
Wed May 17 21:48:12 Loaded file D:\Program Files\OrCAD\Layout_Plus\library\TM_DIODE.llb
Wed May 17 21:48:12 Loaded file D:\Program Files\OrCAD\Layout_Plus\library\TM_DISC.llb
Wed May 17 21:48:12 Loaded file D:\Program Files\OrCAD\Layout_Plus\library\TM_RAD.llb
Wed May 17 21:48:12 Loaded file D:\Program Files\OrCAD\Layout_Plus\library\TO.llb
Wed May 17 21:48:12 Loaded file D:\Program Files\OrCAD\Layout_Plus\library\TRAINING.LLB
Wed May 17 21:48:12 Loaded file D:\Program Files\OrCAD\Layout_Plus\library\VRES.llb
Wed May 17 21:48:12 Loaded file D:\Program Files\OrCAD\Layout_Plus\library\WCON100T.llb
Wed May 17 21:48:12 Loaded file D:\Program Files\OrCAD\Layout_Plus\library\XT.llb
Wed May 17 21:48:12 Loaded file D:\Program Files\OrCAD\Layout_Plus\library\ZIGZAG.llb
Wed May 17 21:48:13 Loaded file E:\MEUS DOCUMENTOS\PROJETOS\SOLDADOR\SOLDADOR.MAX
Wed May 17 21:48:13 Saved as file E:\MEUS DOCUMENTOS\PROJETOS\SOLDADOR\SOLDADOR.MAX
Wed May 17 21:48:13 Loaded file E:\MEUS DOCUMENTOS\PROJETOS\SOLDADOR\SOLDADOR.MAX
Wed May 17 21:49:16 Saved as file E:\MEUS DOCUMENTOS\PROJETOS\SOLDADOR\SOLDADOR.MAX
Wed May 17 21:49:16 Saved as file BACKUP1.MAX
Wed May 17 21:49:16 Saved as file E:\MEUS DOCUMENTOS\PROJETOS\SOLDADOR\SOLDADOR.MAX
Wed May 17 21:49:17 UserDiv from Layout.INI for AutoECO: 60
Wed May 17 21:49:17 Loaded file E:\MEUS DOCUMENTOS\PROJETOS\SOLDADOR\SOLDADOR.MAX
Wed May 17 21:49:17 Loaded file E:\MEUS DOCUMENTOS\PROJETOS\TEMPLATE\BIBLIOTECA.LLB
Wed May 17 21:49:17 Loaded file E:\MEUS DOCUMENTOS\TEMPLATE\BIBLIOTECA.LLB
Wed May 17 21:49:17 Loaded file D:\Program Files\OrCAD\Layout_Plus\library\BCON100T.llb
Wed May 17 21:49:17 Loaded file D:\Program Files\OrCAD\Layout_Plus\library\BCON156T.llb
Wed May 17 21:49:17 Loaded file D:\Program Files\OrCAD\Layout_Plus\library\BGA.llb
Wed May 17 21:49:17 Loaded file D:\Program Files\OrCAD\Layout_Plus\library\CLCC.llb
Wed May 17 21:49:17 Loaded file D:\Program Files\OrCAD\Layout_Plus\library\DCON050T.llb
Wed May 17 21:49:17 Loaded file D:\Program Files\OrCAD\Layout_Plus\library\DCON085T.llb
Wed May 17 21:49:17 Loaded file D:\Program Files\OrCAD\Layout_Plus\library\DIMM050F.llb
Wed May 17 21:49:17 Loaded file D:\Program Files\OrCAD\Layout_Plus\library\DIMM050T.llb
Wed May 17 21:49:17 Loaded file D:\Program Files\OrCAD\Layout_Plus\library\DIN.llb
Wed May 17 21:49:17 Loaded file D:\Program Files\OrCAD\Layout_Plus\library\DIP100B.llb
Wed May 17 21:49:17 Loaded file D:\Program Files\OrCAD\Layout_Plus\library\DIP100T.llb
Wed May 17 21:49:17 Loaded file D:\Program Files\OrCAD\Layout_Plus\library\DSUBT.llb
Wed May 17 21:49:17 Loaded file D:\Program Files\OrCAD\Layout_Plus\library\DSUBT_HD.LLB
Wed May 17 21:49:17 Loaded file D:\Program Files\OrCAD\Layout_Plus\library\ECON100T.llb
Wed May 17 21:49:17 Loaded file D:\Program Files\OrCAD\Layout_Plus\library\FBUS.llb
Wed May 17 21:49:17 Loaded file D:\Program Files\OrCAD\Layout_Plus\library\ISA.llb
Wed May 17 21:49:17 Loaded file D:\Program Files\OrCAD\Layout_Plus\library\JUMPER.LLB
Wed May 17 21:49:17 Loaded file D:\Program Files\OrCAD\Layout_Plus\library\LAYOUT.llb
Wed May 17 21:49:17 Loaded file D:\Program Files\OrCAD\Layout_Plus\library\LCON100T.llb
Wed May 17 21:49:17 Loaded file D:\Program Files\OrCAD\Layout_Plus\library\PC104.llb
Wed May 17 21:49:17 Loaded file D:\Program Files\OrCAD\Layout_Plus\library\PCI.llb
Wed May 17 21:49:17 Loaded file D:\Program Files\OrCAD\Layout_Plus\library\PCON100T.llb
Wed May 17 21:49:17 Loaded file D:\Program Files\OrCAD\Layout_Plus\library\PCON156T.llb
Wed May 17 21:49:17 Loaded file D:\Program Files\OrCAD\Layout_Plus\library\PGA.llb
Wed May 17 21:49:17 Loaded file D:\Program Files\OrCAD\Layout_Plus\library\PLCC.llb
Wed May 17 21:49:17 Loaded file D:\Program Files\OrCAD\Layout_Plus\library\QUAD.llb
Wed May 17 21:49:17 Loaded file D:\Program Files\OrCAD\Layout_Plus\library\QUADB.llb
Wed May 17 21:49:17 Loaded file D:\Program Files\OrCAD\Layout_Plus\library\RELAY.llb
Wed May 17 21:49:17 Loaded file D:\Program Files\OrCAD\Layout_Plus\library\RF.llb
Wed May 17 21:49:17 Loaded file D:\Program Files\OrCAD\Layout_Plus\library\SBUS.llb
Wed May 17 21:49:17 Loaded file D:\Program Files\OrCAD\Layout_Plus\library\SIMM050F.llb
Wed May 17 21:49:17 Loaded file D:\Program Files\OrCAD\Layout_Plus\library\SIMM050T.llb
Wed May 17 21:49:17 Loaded file D:\Program Files\OrCAD\Layout_Plus\library\SIMM100F.llb
Wed May 17 21:49:17 Loaded file D:\Program Files\OrCAD\Layout_Plus\library\SIMM100T.llb
Wed May 17 21:49:17 Loaded file D:\Program Files\OrCAD\Layout_Plus\library\SIP.llb
Wed May 17 21:49:17 Loaded file D:\Program Files\OrCAD\Layout_Plus\library\SM.llb
Wed May 17 21:49:17 Loaded file D:\Program Files\OrCAD\Layout_Plus\library\SOG.llb
Wed May 17 21:49:17 Loaded file D:\Program Files\OrCAD\Layout_Plus\library\SOJ.llb
Wed May 17 21:49:17 Loaded file D:\Program Files\OrCAD\Layout_Plus\library\STIFF.llb
Wed May 17 21:49:17 Loaded file D:\Program Files\OrCAD\Layout_Plus\library\TELE.llb
Wed May 17 21:49:17 Loaded file D:\Program Files\OrCAD\Layout_Plus\library\TM_AXIAL.llb
Wed May 17 21:49:17 Loaded file D:\Program Files\OrCAD\Layout_Plus\library\TM_CAP_P.llb
Wed May 17 21:49:17 Loaded file D:\Program Files\OrCAD\Layout_Plus\library\TM_CYLND.llb
Wed May 17 21:49:17 Loaded file D:\Program Files\OrCAD\Layout_Plus\library\TM_DIODE.llb
Wed May 17 21:49:17 Loaded file D:\Program Files\OrCAD\Layout_Plus\library\TM_DISC.llb
Wed May 17 21:49:17 Loaded file D:\Program Files\OrCAD\Layout_Plus\library\TM_RAD.llb
Wed May 17 21:49:17 Loaded file D:\Program Files\OrCAD\Layout_Plus\library\TO.llb
Wed May 17 21:49:17 Loaded file D:\Program Files\OrCAD\Layout_Plus\library\TRAINING.LLB
Wed May 17 21:49:17 Loaded file D:\Program Files\OrCAD\Layout_Plus\library\VRES.llb
Wed May 17 21:49:17 Loaded file D:\Program Files\OrCAD\Layout_Plus\library\WCON100T.llb
Wed May 17 21:49:18 Loaded file D:\Program Files\OrCAD\Layout_Plus\library\XT.llb
Wed May 17 21:49:18 Loaded file D:\Program Files\OrCAD\Layout_Plus\library\ZIGZAG.llb
Wed May 17 21:49:18 Loaded file E:\MEUS DOCUMENTOS\PROJETOS\SOLDADOR\SOLDADOR.MAX
Wed May 17 21:49:18 Saved as file E:\MEUS DOCUMENTOS\PROJETOS\SOLDADOR\SOLDADOR.MAX
Wed May 17 21:49:18 Loaded file E:\MEUS DOCUMENTOS\PROJETOS\SOLDADOR\SOLDADOR.MAX
Wed May 17 21:56:21 Saved as file E:\MEUS DOCUMENTOS\PROJETOS\SOLDADOR\SOLDADOR.MAX
Wed May 17 21:56:21 Saved as file BACKUP1.MAX
Wed May 17 21:56:21 Saved as file E:\MEUS DOCUMENTOS\PROJETOS\SOLDADOR\SOLDADOR.MAX
Wed May 17 21:56:21 UserDiv from Layout.INI for AutoECO: 60
Wed May 17 21:56:21 Loaded file E:\MEUS DOCUMENTOS\PROJETOS\SOLDADOR\SOLDADOR.MAX
Wed May 17 21:56:21 Loaded file E:\MEUS DOCUMENTOS\PROJETOS\TEMPLATE\BIBLIOTECA.LLB
Wed May 17 21:56:21 Loaded file E:\MEUS DOCUMENTOS\TEMPLATE\BIBLIOTECA.LLB
Wed May 17 21:56:21 Loaded file D:\Program Files\OrCAD\Layout_Plus\library\BCON100T.llb
Wed May 17 21:56:21 Loaded file D:\Program Files\OrCAD\Layout_Plus\library\BCON156T.llb
Wed May 17 21:56:22 Loaded file D:\Program Files\OrCAD\Layout_Plus\library\BGA.llb
Wed May 17 21:56:22 Loaded file D:\Program Files\OrCAD\Layout_Plus\library\CLCC.llb
Wed May 17 21:56:22 Loaded file D:\Program Files\OrCAD\Layout_Plus\library\DCON050T.llb
Wed May 17 21:56:22 Loaded file D:\Program Files\OrCAD\Layout_Plus\library\DCON085T.llb
Wed May 17 21:56:22 Loaded file D:\Program Files\OrCAD\Layout_Plus\library\DIMM050F.llb
Wed May 17 21:56:22 Loaded file D:\Program Files\OrCAD\Layout_Plus\library\DIMM050T.llb
Wed May 17 21:56:22 Loaded file D:\Program Files\OrCAD\Layout_Plus\library\DIN.llb
Wed May 17 21:56:22 Loaded file D:\Program Files\OrCAD\Layout_Plus\library\DIP100B.llb
Wed May 17 21:56:22 Loaded file D:\Program Files\OrCAD\Layout_Plus\library\DIP100T.llb
Wed May 17 21:56:22 Loaded file D:\Program Files\OrCAD\Layout_Plus\library\DSUBT.llb
Wed May 17 21:56:22 Loaded file D:\Program Files\OrCAD\Layout_Plus\library\DSUBT_HD.LLB
Wed May 17 21:56:22 Loaded file D:\Program Files\OrCAD\Layout_Plus\library\ECON100T.llb
Wed May 17 21:56:22 Loaded file D:\Program Files\OrCAD\Layout_Plus\library\FBUS.llb
Wed May 17 21:56:22 Loaded file D:\Program Files\OrCAD\Layout_Plus\library\ISA.llb
Wed May 17 21:56:22 Loaded file D:\Program Files\OrCAD\Layout_Plus\library\JUMPER.LLB
Wed May 17 21:56:22 Loaded file D:\Program Files\OrCAD\Layout_Plus\library\LAYOUT.llb
Wed May 17 21:56:22 Loaded file D:\Program Files\OrCAD\Layout_Plus\library\LCON100T.llb
Wed May 17 21:56:22 Loaded file D:\Program Files\OrCAD\Layout_Plus\library\PC104.llb
Wed May 17 21:56:22 Loaded file D:\Program Files\OrCAD\Layout_Plus\library\PCI.llb
Wed May 17 21:56:22 Loaded file D:\Program Files\OrCAD\Layout_Plus\library\PCON100T.llb
Wed May 17 21:56:22 Loaded file D:\Program Files\OrCAD\Layout_Plus\library\PCON156T.llb
Wed May 17 21:56:22 Loaded file D:\Program Files\OrCAD\Layout_Plus\library\PGA.llb
Wed May 17 21:56:22 Loaded file D:\Program Files\OrCAD\Layout_Plus\library\PLCC.llb
Wed May 17 21:56:22 Loaded file D:\Program Files\OrCAD\Layout_Plus\library\QUAD.llb
Wed May 17 21:56:22 Loaded file D:\Program Files\OrCAD\Layout_Plus\library\QUADB.llb
Wed May 17 21:56:22 Loaded file D:\Program Files\OrCAD\Layout_Plus\library\RELAY.llb
Wed May 17 21:56:22 Loaded file D:\Program Files\OrCAD\Layout_Plus\library\RF.llb
Wed May 17 21:56:22 Loaded file D:\Program Files\OrCAD\Layout_Plus\library\SBUS.llb
Wed May 17 21:56:22 Loaded file D:\Program Files\OrCAD\Layout_Plus\library\SIMM050F.llb
Wed May 17 21:56:22 Loaded file D:\Program Files\OrCAD\Layout_Plus\library\SIMM050T.llb
Wed May 17 21:56:22 Loaded file D:\Program Files\OrCAD\Layout_Plus\library\SIMM100F.llb
Wed May 17 21:56:22 Loaded file D:\Program Files\OrCAD\Layout_Plus\library\SIMM100T.llb
Wed May 17 21:56:22 Loaded file D:\Program Files\OrCAD\Layout_Plus\library\SIP.llb
Wed May 17 21:56:22 Loaded file D:\Program Files\OrCAD\Layout_Plus\library\SM.llb
Wed May 17 21:56:22 Loaded file D:\Program Files\OrCAD\Layout_Plus\library\SOG.llb
Wed May 17 21:56:22 Loaded file D:\Program Files\OrCAD\Layout_Plus\library\SOJ.llb
Wed May 17 21:56:22 Loaded file D:\Program Files\OrCAD\Layout_Plus\library\STIFF.llb
Wed May 17 21:56:22 Loaded file D:\Program Files\OrCAD\Layout_Plus\library\TELE.llb
Wed May 17 21:56:22 Loaded file D:\Program Files\OrCAD\Layout_Plus\library\TM_AXIAL.llb
Wed May 17 21:56:22 Loaded file D:\Program Files\OrCAD\Layout_Plus\library\TM_CAP_P.llb
Wed May 17 21:56:22 Loaded file D:\Program Files\OrCAD\Layout_Plus\library\TM_CYLND.llb
Wed May 17 21:56:22 Loaded file D:\Program Files\OrCAD\Layout_Plus\library\TM_DIODE.llb
Wed May 17 21:56:22 Loaded file D:\Program Files\OrCAD\Layout_Plus\library\TM_DISC.llb
Wed May 17 21:56:22 Loaded file D:\Program Files\OrCAD\Layout_Plus\library\TM_RAD.llb
Wed May 17 21:56:22 Loaded file D:\Program Files\OrCAD\Layout_Plus\library\TO.llb
Wed May 17 21:56:22 Loaded file D:\Program Files\OrCAD\Layout_Plus\library\TRAINING.LLB
Wed May 17 21:56:22 Loaded file D:\Program Files\OrCAD\Layout_Plus\library\VRES.llb
Wed May 17 21:56:22 Loaded file D:\Program Files\OrCAD\Layout_Plus\library\WCON100T.llb
Wed May 17 21:56:22 Loaded file D:\Program Files\OrCAD\Layout_Plus\library\XT.llb
Wed May 17 21:56:22 Loaded file D:\Program Files\OrCAD\Layout_Plus\library\ZIGZAG.llb
Wed May 17 21:56:22 Loaded file E:\MEUS DOCUMENTOS\PROJETOS\TEMPLATE\BIBLIOTECA.LLB
Wed May 17 21:56:22 Loaded file E:\MEUS DOCUMENTOS\PROJETOS\TEMPLATE\BIBLIOTECA.LLB
Wed May 17 21:56:22 Library file not found:USER.PRT
Wed May 17 21:56:22 Library file not found:USER.PRT
Wed May 17 21:56:35 Loaded file D:\PROGRAM FILES\ORCAD\LAYOUT_PLUS\data\template.imp
Wed May 17 21:56:35 Loaded file D:\PROGRAM FILES\ORCAD\LAYOUT_PLUS\data\template.imp
Wed May 17 21:56:37 Loaded file E:\MEUS DOCUMENTOS\PROJETOS\TEMPLATE\BIBLIOTECA.LLB
Wed May 17 21:56:39 Loaded file D:\PROGRAM FILES\ORCAD\LAYOUT_PLUS\data\template.imp
Wed May 17 21:56:42 Loaded file D:\PROGRAM FILES\ORCAD\LAYOUT_PLUS\data\template.imp
Wed May 17 21:56:44 Loaded file E:\MEUS DOCUMENTOS\PROJETOS\TEMPLATE\BIBLIOTECA.LLB
Wed May 17 21:56:44 Loaded file E:\MEUS DOCUMENTOS\PROJETOS\TEMPLATE\BIBLIOTECA.LLB
Wed May 17 21:56:44 Loaded file E:\MEUS DOCUMENTOS\PROJETOS\TEMPLATE\BIBLIOTECA.LLB
Wed May 17 21:56:44 Loaded file E:\MEUS DOCUMENTOS\PROJETOS\TEMPLATE\BIBLIOTECA.LLB
Wed May 17 21:56:44 Loaded file E:\MEUS DOCUMENTOS\PROJETOS\TEMPLATE\BIBLIOTECA.LLB
Wed May 17 21:56:44 Loaded file E:\MEUS DOCUMENTOS\PROJETOS\TEMPLATE\BIBLIOTECA.LLB
Wed May 17 21:56:44 Saved as file E:\MEUS DOCUMENTOS\PROJETOS\SOLDADOR\SOLDADOR.MAX
Wed May 17 21:56:44 Loaded file E:\MEUS DOCUMENTOS\PROJETOS\SOLDADOR\SOLDADOR.MAX
Wed May 17 22:07:30 Saved as file BACKUP1.MAX
Wed May 17 22:17:30 Saved as file BACKUP1.MAX
Wed May 17 22:27:30 Saved as file BACKUP1.MAX
Wed May 17 22:37:30 Saved as file BACKUP1.MAX
Wed May 17 22:47:31 Saved as file BACKUP1.MAX
Fri May 19 22:29:56 Saved as file E:\MEUS DOCUMENTOS\PROJETOS\SOLDADOR\SOLDADOR.MAX
Fri May 19 22:31:19 Loaded file D:\Program Files\OrCAD\Layout_Plus\data\template.imp
Fri May 19 22:31:19 Loaded file D:\Program Files\OrCAD\Layout_Plus\data\template.imp
Fri May 19 22:31:19 Loaded file D:\Program Files\OrCAD\Layout_Plus\data\template.imp
Fri May 19 22:31:19 Loaded file D:\Program Files\OrCAD\Layout_Plus\data\template.imp
Fri May 19 22:31:22 Loaded file E:\MEUS DOCUMENTOS\PROJETOS\TEMPLATE\BIBLIOTECA.LLB
Fri May 19 22:31:31 Loaded file D:\Program Files\OrCAD\Layout_Plus\data\template.imp
Fri May 19 22:31:58 Loaded file D:\Program Files\OrCAD\Layout_Plus\data\template.imp
Fri May 19 22:31:58 Loaded file D:\Program Files\OrCAD\Layout_Plus\data\template.imp
Fri May 19 22:31:58 Loaded file D:\Program Files\OrCAD\Layout_Plus\data\template.imp
Fri May 19 22:31:58 Loaded file D:\Program Files\OrCAD\Layout_Plus\data\template.imp
Fri May 19 22:32:00 Loaded file D:\Program Files\OrCAD\Layout_Plus\data\template.imp
Fri May 19 22:32:14 Loaded file D:\Program Files\OrCAD\Layout_Plus\data\template.imp
Fri May 19 22:32:14 Loaded file D:\Program Files\OrCAD\Layout_Plus\data\template.imp
Fri May 19 22:32:14 Loaded file D:\Program Files\OrCAD\Layout_Plus\data\template.imp
Fri May 19 22:32:14 Loaded file D:\Program Files\OrCAD\Layout_Plus\data\template.imp
Fri May 19 22:32:18 Loaded file D:\Program Files\OrCAD\Layout_Plus\data\template.imp
Fri May 19 22:32:23 Loaded file D:\Program Files\OrCAD\Layout_Plus\data\template.imp
Fri May 19 22:32:23 Loaded file D:\Program Files\OrCAD\Layout_Plus\data\template.imp
Fri May 19 22:32:24 Loaded file D:\Program Files\OrCAD\Layout_Plus\data\template.imp
Fri May 19 22:32:24 Loaded file D:\Program Files\OrCAD\Layout_Plus\data\template.imp
Fri May 19 22:32:25 Loaded file D:\Program Files\OrCAD\Layout_Plus\data\template.imp
Fri May 19 22:32:31 Loaded file D:\Program Files\OrCAD\Layout_Plus\data\template.imp
Fri May 19 22:32:31 Loaded file D:\Program Files\OrCAD\Layout_Plus\data\template.imp
Fri May 19 22:32:31 Loaded file D:\Program Files\OrCAD\Layout_Plus\data\template.imp
Fri May 19 22:32:31 Loaded file D:\Program Files\OrCAD\Layout_Plus\data\template.imp
Fri May 19 22:32:33 Loaded file D:\Program Files\OrCAD\Layout_Plus\data\template.imp
Fri May 19 22:35:01 Loaded file D:\Program Files\OrCAD\Layout_Plus\data\template.imp
Fri May 19 22:35:01 Loaded file D:\Program Files\OrCAD\Layout_Plus\data\template.imp
Fri May 19 22:35:01 Loaded file D:\Program Files\OrCAD\Layout_Plus\data\template.imp
Fri May 19 22:35:01 Loaded file D:\Program Files\OrCAD\Layout_Plus\data\template.imp
Fri May 19 22:35:06 Loaded file E:\MEUS DOCUMENTOS\PROJETOS\TEMPLATE\BIBLIOTECA.LLB
Fri May 19 22:35:08 Loaded file D:\Program Files\OrCAD\Layout_Plus\data\template.imp
Fri May 19 22:35:12 Loaded file D:\Program Files\OrCAD\Layout_Plus\data\template.imp
Fri May 19 22:35:19 Loaded file D:\Program Files\OrCAD\Layout_Plus\data\template.imp
Fri May 19 22:35:19 Loaded file D:\Program Files\OrCAD\Layout_Plus\data\template.imp
Fri May 19 22:35:19 Loaded file D:\Program Files\OrCAD\Layout_Plus\data\template.imp
Fri May 19 22:35:19 Loaded file D:\Program Files\OrCAD\Layout_Plus\data\template.imp
Fri May 19 22:35:21 Loaded file D:\Program Files\OrCAD\Layout_Plus\data\template.imp
Fri May 19 22:35:27 Loaded file D:\Program Files\OrCAD\Layout_Plus\data\template.imp
Fri May 19 22:35:27 Loaded file D:\Program Files\OrCAD\Layout_Plus\data\template.imp
Fri May 19 22:35:27 Loaded file D:\Program Files\OrCAD\Layout_Plus\data\template.imp
Fri May 19 22:35:27 Loaded file D:\Program Files\OrCAD\Layout_Plus\data\template.imp
Fri May 19 22:35:28 Loaded file D:\Program Files\OrCAD\Layout_Plus\data\template.imp
Fri May 19 22:35:45 Loaded file D:\Program Files\OrCAD\Layout_Plus\data\template.imp
Fri May 19 22:35:45 Loaded file D:\Program Files\OrCAD\Layout_Plus\data\template.imp
Fri May 19 22:35:45 Loaded file D:\Program Files\OrCAD\Layout_Plus\data\template.imp
Fri May 19 22:35:45 Loaded file D:\Program Files\OrCAD\Layout_Plus\data\template.imp
Fri May 19 22:35:46 Loaded file D:\Program Files\OrCAD\Layout_Plus\data\template.imp
Fri May 19 22:35:51 Loaded file D:\Program Files\OrCAD\Layout_Plus\data\template.imp
Fri May 19 22:35:51 Loaded file D:\Program Files\OrCAD\Layout_Plus\data\template.imp
Fri May 19 22:35:51 Loaded file D:\Program Files\OrCAD\Layout_Plus\data\template.imp
Fri May 19 22:35:51 Loaded file D:\Program Files\OrCAD\Layout_Plus\data\template.imp
Fri May 19 22:35:53 Loaded file D:\Program Files\OrCAD\Layout_Plus\data\template.imp
Fri May 19 22:35:53 Loaded file D:\Program Files\OrCAD\Layout_Plus\data\template.imp
Fri May 19 22:35:59 Loaded file D:\Program Files\OrCAD\Layout_Plus\data\template.imp
Fri May 19 22:35:59 Loaded file D:\Program Files\OrCAD\Layout_Plus\data\template.imp
Fri May 19 22:35:59 Loaded file D:\Program Files\OrCAD\Layout_Plus\data\template.imp
Fri May 19 22:35:59 Loaded file D:\Program Files\OrCAD\Layout_Plus\data\template.imp
Fri May 19 22:36:06 Loaded file D:\Program Files\OrCAD\Layout_Plus\data\template.imp
Fri May 19 22:38:23 Saved as file BACKUP1.MAX
Fri May 19 22:48:53 Saved as file BACKUP1.MAX
Fri May 19 22:52:27 Loaded file D:\Program Files\OrCAD\Layout_Plus\data\template.imp
Fri May 19 22:52:27 Loaded file D:\Program Files\OrCAD\Layout_Plus\data\template.imp
Fri May 19 22:52:27 Loaded file D:\Program Files\OrCAD\Layout_Plus\data\template.imp
Fri May 19 22:52:27 Loaded file D:\Program Files\OrCAD\Layout_Plus\data\template.imp
Fri May 19 22:52:33 Loaded file D:\Program Files\OrCAD\Layout_Plus\data\template.imp
Fri May 19 22:59:23 Saved as file BACKUP1.MAX
Fri May 19 23:07:16 Loaded file D:\Program Files\OrCAD\Layout_Plus\data\template.imp
Fri May 19 23:07:16 Loaded file D:\Program Files\OrCAD\Layout_Plus\data\template.imp
Fri May 19 23:07:16 Loaded file D:\Program Files\OrCAD\Layout_Plus\data\template.imp
Fri May 19 23:07:16 Loaded file D:\Program Files\OrCAD\Layout_Plus\data\template.imp
Fri May 19 23:07:28 Loaded file D:\Program Files\OrCAD\Layout_Plus\library\TM_AXIAL.llb
Fri May 19 23:07:29 Loaded file D:\Program Files\OrCAD\Layout_Plus\data\template.imp
Fri May 19 23:07:30 Loaded file D:\Program Files\OrCAD\Layout_Plus\data\template.imp
Fri May 19 23:07:36 Loaded file D:\Program Files\OrCAD\Layout_Plus\data\template.imp
Fri May 19 23:07:36 Loaded file D:\Program Files\OrCAD\Layout_Plus\data\template.imp
Fri May 19 23:07:42 Loaded file D:\Program Files\OrCAD\Layout_Plus\data\template.imp
Fri May 19 23:07:50 Loaded file D:\Program Files\OrCAD\Layout_Plus\data\template.imp
Fri May 19 23:07:51 Loaded file D:\Program Files\OrCAD\Layout_Plus\data\template.imp
Fri May 19 23:07:53 Loaded file D:\Program Files\OrCAD\Layout_Plus\data\template.imp
Fri May 19 23:07:57 Loaded file D:\Program Files\OrCAD\Layout_Plus\data\template.imp
Fri May 19 23:07:59 Loaded file D:\Program Files\OrCAD\Layout_Plus\data\template.imp
Fri May 19 23:08:03 Loaded file D:\Program Files\OrCAD\Layout_Plus\data\template.imp
Fri May 19 23:08:08 Loaded file D:\Program Files\OrCAD\Layout_Plus\data\template.imp
Fri May 19 23:08:09 Loaded file D:\Program Files\OrCAD\Layout_Plus\data\template.imp
Fri May 19 23:08:09 Loaded file D:\Program Files\OrCAD\Layout_Plus\data\template.imp
Fri May 19 23:08:10 Loaded file D:\Program Files\OrCAD\Layout_Plus\data\template.imp
Fri May 19 23:08:13 Loaded file D:\Program Files\OrCAD\Layout_Plus\data\template.imp
Fri May 19 23:08:15 Loaded file D:\Program Files\OrCAD\Layout_Plus\data\template.imp
Fri May 19 23:08:16 Loaded file D:\Program Files\OrCAD\Layout_Plus\data\template.imp
Fri May 19 23:08:19 Loaded file D:\Program Files\OrCAD\Layout_Plus\data\template.imp
Fri May 19 23:08:23 Loaded file D:\Program Files\OrCAD\Layout_Plus\data\template.imp
Fri May 19 23:08:48 Loaded file D:\Program Files\OrCAD\Layout_Plus\data\template.imp
Fri May 19 23:08:49 Loaded file D:\Program Files\OrCAD\Layout_Plus\data\template.imp
Fri May 19 23:08:53 Loaded file D:\Program Files\OrCAD\Layout_Plus\data\template.imp
Fri May 19 23:08:58 Loaded file D:\Program Files\OrCAD\Layout_Plus\data\template.imp
Fri May 19 23:09:00 Loaded file D:\Program Files\OrCAD\Layout_Plus\data\template.imp
Fri May 19 23:09:02 Loaded file D:\Program Files\OrCAD\Layout_Plus\data\template.imp
Fri May 19 23:09:09 Loaded file D:\Program Files\OrCAD\Layout_Plus\data\template.imp
Fri May 19 23:09:17 Loaded file D:\Program Files\OrCAD\Layout_Plus\data\template.imp
Fri May 19 23:09:17 Loaded file D:\Program Files\OrCAD\Layout_Plus\data\template.imp
Fri May 19 23:09:17 Loaded file D:\Program Files\OrCAD\Layout_Plus\data\template.imp
Fri May 19 23:09:17 Loaded file D:\Program Files\OrCAD\Layout_Plus\data\template.imp
Fri May 19 23:09:18 Loaded file D:\Program Files\OrCAD\Layout_Plus\data\template.imp
Fri May 19 23:11:42 Saved as file E:\MEUS DOCUMENTOS\PROJETOS\SOLDADOR\SOLDADOR.MAX
Fri May 19 23:11:53 Saved as file BACKUP1.MAX
Fri May 19 23:12:43 Loaded file D:\Program Files\OrCAD\Layout_Plus\data\template.imp
Fri May 19 23:12:43 Loaded file D:\Program Files\OrCAD\Layout_Plus\data\template.imp
Fri May 19 23:12:43 Loaded file D:\Program Files\OrCAD\Layout_Plus\data\template.imp
Fri May 19 23:12:43 Loaded file D:\Program Files\OrCAD\Layout_Plus\data\template.imp
Fri May 19 23:12:50 Loaded file D:\Program Files\OrCAD\Layout_Plus\data\template.imp
Fri May 19 23:15:01 Saved as file E:\MEUS DOCUMENTOS\PROJETOS\SOLDADOR\SOLDADOR.MAX
Fri May 19 23:25:12 Saved as file BACKUP1.MAX
Fri May 19 23:35:13 Saved as file BACKUP1.MAX
Fri May 19 23:38:12 Saved as file E:\MEUS DOCUMENTOS\PROJETOS\SOLDADOR\BACKUP1.MAX
Tue May 23 21:38:38 Loaded file D:\Program Files\OrCAD\Layout_Plus\data\template.imp
Tue May 23 21:38:38 Loaded file D:\Program Files\OrCAD\Layout_Plus\data\template.imp
Tue May 23 21:38:38 Loaded file D:\Program Files\OrCAD\Layout_Plus\data\template.imp
Tue May 23 21:38:38 Loaded file D:\Program Files\OrCAD\Layout_Plus\data\template.imp
Tue May 23 21:38:42 Loaded file D:\Program Files\OrCAD\Layout_Plus\data\template.imp
Tue May 23 21:38:46 Loaded file D:\Program Files\OrCAD\Layout_Plus\data\template.imp
Tue May 23 21:38:48 Loaded file D:\Program Files\OrCAD\Layout_Plus\data\template.imp
Tue May 23 21:38:53 Loaded file E:\MEUS DOCUMENTOS\PROJETOS\TEMPLATE\BIBLIOTECA.LLB
Tue May 23 21:38:54 Loaded file D:\Program Files\OrCAD\Layout_Plus\data\template.imp
Tue May 23 21:38:57 Loaded file D:\Program Files\OrCAD\Layout_Plus\data\template.imp
Tue May 23 21:39:35 Saved as file E:\MEUS DOCUMENTOS\PROJETOS\SOLDADOR\SOLDADOR.MAX
Tue May 23 21:41:20 Saved as file BACKUP1.MAX
Tue May 23 21:41:20 Saved as file BACKUP1.MAX
Tue May 23 21:41:20 Saved as file BACKUP1.MAX
Tue May 23 21:41:20 Routed 6 connections in 0 seconds.
Tue May 23 21:41:20 Total is now 6 out of 29 (20%).
Tue May 23 21:41:20 Saved as file SWEEP1.MAX
Tue May 23 21:41:27 Saved as file BACKUP1.MAX
Tue May 23 21:41:27 Saved as file BACKUP1.MAX
Tue May 23 21:41:28 Saved as file BACKUP1.MAX
Tue May 23 21:41:28 Routed 23 connections in 7 seconds.
Tue May 23 21:41:28 Total is now 23 out of 29 (79%).
Tue May 23 21:41:28 Saved as file SWEEP2.MAX
Tue May 23 21:42:09 Saved as file E:\MEUS DOCUMENTOS\PROJETOS\SOLDADOR\BACKUP1.MAX
Tue May 23 21:46:51 Saved as file E:\MEUS DOCUMENTOS\PROJETOS\SOLDADOR\BACKUP1.MAX
Tue May 23 21:50:42 Saved as file E:\MEUS DOCUMENTOS\PROJETOS\SOLDADOR\BACKUP1.MAX
Tue May 23 21:54:51 Saved as file E:\MEUS DOCUMENTOS\PROJETOS\SOLDADOR\BACKUP1.MAX
Tue May 23 21:55:30 Saved as file E:\MEUS DOCUMENTOS\PROJETOS\SOLDADOR\BACKUP1.MAX
Tue May 23 22:05:51 Loaded file D:\Program Files\OrCAD\Layout_Plus\data\template.imp
Tue May 23 22:05:51 Loaded file D:\Program Files\OrCAD\Layout_Plus\data\template.imp
Tue May 23 22:05:52 Loaded file D:\Program Files\OrCAD\Layout_Plus\data\template.imp
Tue May 23 22:05:52 Loaded file D:\Program Files\OrCAD\Layout_Plus\data\template.imp
Tue May 23 22:05:55 Loaded file E:\MEUS DOCUMENTOS\PROJETOS\TEMPLATE\BIBLIOTECA.LLB
Tue May 23 22:05:57 Loaded file D:\Program Files\OrCAD\Layout_Plus\data\template.imp
Tue May 23 22:05:59 Loaded file D:\Program Files\OrCAD\Layout_Plus\data\template.imp
Tue May 23 22:07:04 Saved as file BACKUP1.MAX
Tue May 23 22:07:04 Saved as file BACKUP1.MAX
Tue May 23 22:07:05 Saved as file BACKUP1.MAX
Tue May 23 22:07:05 No new connections routed.
Tue May 23 22:07:05 Total is now 28 out of 29 (96%).
Tue May 23 22:07:05 Saved as file SWEEP1.MAX
Tue May 23 22:07:05 Saved as file BACKUP1.MAX
Tue May 23 22:07:05 Saved as file BACKUP1.MAX
Tue May 23 22:07:05 Saved as file BACKUP1.MAX
Tue May 23 22:07:05 Routed 1 connections in 0 seconds.
Tue May 23 22:07:05 Total is now 29 out of 29 (100%).
Tue May 23 22:07:05 Saved as file SWEEP2.MAX
Tue May 23 22:07:05 No new connections routed.
Tue May 23 22:07:05 Total is now 29 out of 29 (100%).
Tue May 23 22:07:05 Saved as file SWEEP3.MAX
Tue May 23 22:07:05 No new connections routed.
Tue May 23 22:07:05 Total is now 29 out of 29 (100%).
Tue May 23 22:07:05 Saved as file SWEEP4.MAX
Tue May 23 22:07:05 No new connections routed.
Tue May 23 22:07:05 Total is now 29 out of 29 (100%).
Tue May 23 22:07:05 Saved as file SWEEP5.MAX
Tue May 23 22:10:16 Saved as file E:\MEUS DOCUMENTOS\PROJETOS\SOLDADOR\BACKUP1.MAX
Tue May 23 22:21:32 Saved as file BACKUP1.MAX
Tue May 23 22:31:32 Saved as file BACKUP1.MAX
Tue May 23 22:41:32 Saved as file BACKUP1.MAX
Tue May 23 22:46:07 Saved as file E:\MEUS DOCUMENTOS\PROJETOS\SOLDADOR\SOLDADOR.MAX
Fri May 26 20:36:04 Saved as file BACKUP1.MAX
Fri May 26 20:46:29 Saved as file BACKUP1.MAX
Fri May 26 20:56:30 Saved as file BACKUP1.MAX
Fri May 26 21:06:30 Saved as file BACKUP1.MAX
Fri May 26 21:16:30 Saved as file BACKUP1.MAX
Fri May 26 21:26:30 Saved as file BACKUP1.MAX
Fri May 26 21:36:30 Saved as file BACKUP1.MAX
Fri May 26 21:46:30 Saved as file BACKUP1.MAX
Fri May 26 21:56:30 Saved as file BACKUP1.MAX
Fri May 26 22:06:30 Saved as file BACKUP1.MAX
Fri May 26 22:10:33 Saved as file E:\MEUS DOCUMENTOS\PROJETOS\SOLDADOR\SOLDADOR.MAX
Fri May 26 22:58:50 Saved as file BACKUP1.MAX
Fri May 26 23:08:49 Saved as file BACKUP1.MAX
Fri May 26 23:14:40 Saved as file E:\MEUS DOCUMENTOS\PROJETOS\SOLDADOR\SOLDADOR.MAX
Sun May 28 16:05:28 Saved as file BACKUP1.MAX
Sun May 28 16:15:28 Saved as file BACKUP1.MAX
Sun May 28 16:25:28 Saved as file BACKUP1.MAX
Sun May 28 16:35:28 Saved as file BACKUP1.MAX
Sun May 28 16:45:28 Saved as file BACKUP1.MAX
Sun May 28 16:55:28 Saved as file BACKUP1.MAX
Sun May 28 17:05:28 Saved as file BACKUP1.MAX
Sun May 28 17:15:29 Saved as file BACKUP1.MAX
Sun May 28 17:25:28 Saved as file BACKUP1.MAX
Sun May 28 17:35:28 Saved as file BACKUP1.MAX
Sun May 28 17:45:28 Saved as file BACKUP1.MAX
Sun May 28 17:55:28 Saved as file BACKUP1.MAX
Sun May 28 18:05:28 Saved as file BACKUP1.MAX
Sun May 28 18:15:28 Saved as file BACKUP1.MAX
Sun May 28 18:25:28 Saved as file BACKUP1.MAX
Sun May 28 18:35:28 Saved as file BACKUP1.MAX
Sun May 28 18:45:28 Saved as file BACKUP1.MAX
Sun May 28 18:55:32 Saved as file BACKUP1.MAX
Sun May 28 19:05:29 Saved as file BACKUP1.MAX
Sun May 28 19:15:29 Saved as file BACKUP1.MAX
Sun May 28 19:25:29 Saved as file BACKUP1.MAX
Sun May 28 19:35:29 Saved as file BACKUP1.MAX
Sun May 28 19:45:29 Saved as file BACKUP1.MAX
Sun May 28 19:55:29 Saved as file BACKUP1.MAX
Sun May 28 20:05:29 Saved as file BACKUP1.MAX
Sun May 28 20:15:29 Saved as file BACKUP1.MAX
